Determining if the pthread_create exist failed with the following output:
Change Dir: /home/ryder/rivian/sep_git/bq-drv/CMakeFiles/CMakeTmp

Run Build Command:"/usr/bin/make" "cmTC_318eb/fast"
/usr/bin/make -f CMakeFiles/cmTC_318eb.dir/build.make CMakeFiles/cmTC_318eb.dir/build
make[1]: Entering directory '/home/ryder/workspace/rivian/sep_git/bq-drv/CMakeFiles/CMakeTmp'
Building C object CMakeFiles/cmTC_318eb.dir/CheckSymbolExists.c.o
/usr/bin/cc     -o CMakeFiles/cmTC_318eb.dir/CheckSymbolExists.c.o   -c /home/ryder/rivian/sep_git/bq-drv/CMakeFiles/CMakeTmp/CheckSymbolExists.c
Linking C executable cmTC_318eb
/usr/bin/cmake -E cmake_link_script CMakeFiles/cmTC_318eb.dir/link.txt --verbose=1
/usr/bin/cc       CMakeFiles/cmTC_318eb.dir/CheckSymbolExists.c.o  -o cmTC_318eb -rdynamic 
CMakeFiles/cmTC_318eb.dir/CheckSymbolExists.c.o: In function `main':
CheckSymbolExists.c:(.text+0x16): undefined reference to `pthread_create'
collect2: error: ld returned 1 exit status
CMakeFiles/cmTC_318eb.dir/build.make:97: recipe for target 'cmTC_318eb' failed
make[1]: *** [cmTC_318eb] Error 1
make[1]: Leaving directory '/home/ryder/workspace/rivian/sep_git/bq-drv/CMakeFiles/CMakeTmp'
Makefile:126: recipe for target 'cmTC_318eb/fast' failed
make: *** [cmTC_318eb/fast] Error 2

File /home/ryder/rivian/sep_git/bq-drv/CMakeFiles/CMakeTmp/CheckSymbolExists.c:
/* */
#include <pthread.h>

int main(int argc, char** argv)
{
  (void)argv;
#ifndef pthread_create
  return ((int*)(&pthread_create))[argc];
#else
  (void)argc;
  return 0;
#endif
}

Determining if the function pthread_create exists in the pthreads failed with the following output:
Change Dir: /home/ryder/rivian/sep_git/bq-drv/CMakeFiles/CMakeTmp

Run Build Command:"/usr/bin/make" "cmTC_2d5de/fast"
/usr/bin/make -f CMakeFiles/cmTC_2d5de.dir/build.make CMakeFiles/cmTC_2d5de.dir/build
make[1]: Entering directory '/home/ryder/workspace/rivian/sep_git/bq-drv/CMakeFiles/CMakeTmp'
Building C object CMakeFiles/cmTC_2d5de.dir/CheckFunctionExists.c.o
/usr/bin/cc    -DCHECK_FUNCTION_EXISTS=pthread_create   -o CMakeFiles/cmTC_2d5de.dir/CheckFunctionExists.c.o   -c /usr/share/cmake-3.5/Modules/CheckFunctionExists.c
Linking C executable cmTC_2d5de
/usr/bin/cmake -E cmake_link_script CMakeFiles/cmTC_2d5de.dir/link.txt --verbose=1
/usr/bin/cc   -DCHECK_FUNCTION_EXISTS=pthread_create    CMakeFiles/cmTC_2d5de.dir/CheckFunctionExists.c.o  -o cmTC_2d5de -rdynamic -lpthreads 
/usr/bin/ld: cannot find -lpthreads
collect2: error: ld returned 1 exit status
CMakeFiles/cmTC_2d5de.dir/build.make:97: recipe for target 'cmTC_2d5de' failed
make[1]: *** [cmTC_2d5de] Error 1
make[1]: Leaving directory '/home/ryder/workspace/rivian/sep_git/bq-drv/CMakeFiles/CMakeTmp'
Makefile:126: recipe for target 'cmTC_2d5de/fast' failed
make: *** [cmTC_2d5de/fast] Error 2


