Determining if the pthread_create exist failed with the following output:
Change Dir: /home/ryder/rivian/sep_git/bq-drv/src/CMakeFiles/CMakeTmp

Run Build Command:"/usr/bin/make" "cmTC_5d598/fast"
/usr/bin/make -f CMakeFiles/cmTC_5d598.dir/build.make CMakeFiles/cmTC_5d598.dir/build
make[1]: Entering directory '/home/ryder/workspace/rivian/sep_git/bq-drv/src/CMakeFiles/CMakeTmp'
Building C object CMakeFiles/cmTC_5d598.dir/CheckSymbolExists.c.o
/usr/bin/cc     -o CMakeFiles/cmTC_5d598.dir/CheckSymbolExists.c.o   -c /home/ryder/rivian/sep_git/bq-drv/src/CMakeFiles/CMakeTmp/CheckSymbolExists.c
Linking C executable cmTC_5d598
/usr/bin/cmake -E cmake_link_script CMakeFiles/cmTC_5d598.dir/link.txt --verbose=1
/usr/bin/cc       CMakeFiles/cmTC_5d598.dir/CheckSymbolExists.c.o  -o cmTC_5d598 -rdynamic 
CMakeFiles/cmTC_5d598.dir/CheckSymbolExists.c.o: In function `main':
CheckSymbolExists.c:(.text+0x16): undefined reference to `pthread_create'
collect2: error: ld returned 1 exit status
CMakeFiles/cmTC_5d598.dir/build.make:97: recipe for target 'cmTC_5d598' failed
make[1]: *** [cmTC_5d598] Error 1
make[1]: Leaving directory '/home/ryder/workspace/rivian/sep_git/bq-drv/src/CMakeFiles/CMakeTmp'
Makefile:126: recipe for target 'cmTC_5d598/fast' failed
make: *** [cmTC_5d598/fast] Error 2

File /home/ryder/rivian/sep_git/bq-drv/src/CMakeFiles/CMakeTmp/CheckSymbolExists.c:
/* */
#include <pthread.h>

int main(int argc, char** argv)
{
  (void)argv;
#ifndef pthread_create
  return ((int*)(&pthread_create))[argc];
#else
  (void)argc;
  return 0;
#endif
}

Determining if the function pthread_create exists in the pthreads failed with the following output:
Change Dir: /home/ryder/rivian/sep_git/bq-drv/src/CMakeFiles/CMakeTmp

Run Build Command:"/usr/bin/make" "cmTC_e261e/fast"
/usr/bin/make -f CMakeFiles/cmTC_e261e.dir/build.make CMakeFiles/cmTC_e261e.dir/build
make[1]: Entering directory '/home/ryder/workspace/rivian/sep_git/bq-drv/src/CMakeFiles/CMakeTmp'
Building C object CMakeFiles/cmTC_e261e.dir/CheckFunctionExists.c.o
/usr/bin/cc    -DCHECK_FUNCTION_EXISTS=pthread_create   -o CMakeFiles/cmTC_e261e.dir/CheckFunctionExists.c.o   -c /usr/share/cmake-3.5/Modules/CheckFunctionExists.c
Linking C executable cmTC_e261e
/usr/bin/cmake -E cmake_link_script CMakeFiles/cmTC_e261e.dir/link.txt --verbose=1
/usr/bin/cc   -DCHECK_FUNCTION_EXISTS=pthread_create    CMakeFiles/cmTC_e261e.dir/CheckFunctionExists.c.o  -o cmTC_e261e -rdynamic -lpthreads 
/usr/bin/ld: cannot find -lpthreads
collect2: error: ld returned 1 exit status
CMakeFiles/cmTC_e261e.dir/build.make:97: recipe for target 'cmTC_e261e' failed
make[1]: *** [cmTC_e261e] Error 1
make[1]: Leaving directory '/home/ryder/workspace/rivian/sep_git/bq-drv/src/CMakeFiles/CMakeTmp'
Makefile:126: recipe for target 'cmTC_e261e/fast' failed
make: *** [cmTC_e261e/fast] Error 2


